1755372286.630441 client started (38390): version 3.2a, socket /tmp/tmux-1000/default, protocol 8
1755372286.631119 on Linux 6.6.87.2-microsoft-standard-WSL2 #1 SMP PREEMPT_DYNAMIC Thu Jun  5 18:30:46 UTC 2025
1755372286.631473 using libevent 2.1.12-stable (poll); ncurses 6.3
1755372286.631810 flags are 0x18010000
1755372286.631967 socket is /tmp/tmux-1000/default
1755372286.632150 trying connect
1755372286.632489 add peer 0x64ea21dd3fe0: 6 ((nil))
1755372286.632904 sending message 100 to peer 0x64ea21dd3fe0 (4 bytes)
1755372286.633053 sending message 111 to peer 0x64ea21dd3fe0 (8 bytes)
1755372286.633187 sending message 101 to peer 0x64ea21dd3fe0 (15 bytes)
1755372286.633302 sending message 109 to peer 0x64ea21dd3fe0 (4 bytes)
1755372286.633968 sending message 102 to peer 0x64ea21dd3fe0 (11 bytes)
1755372286.634107 sending message 108 to peer 0x64ea21dd3fe0 (28 bytes)
1755372286.634247 sending message 112 to peer 0x64ea21dd3fe0 (58 bytes)
1755372286.634364 sending message 112 to peer 0x64ea21dd3fe0 (5 bytes)
1755372286.634476 sending message 112 to peer 0x64ea21dd3fe0 (5 bytes)
1755372286.634585 sending message 112 to peer 0x64ea21dd3fe0 (6 bytes)
1755372286.634691 sending message 112 to peer 0x64ea21dd3fe0 (6 bytes)
1755372286.634793 sending message 112 to peer 0x64ea21dd3fe0 (11 bytes)
1755372286.634896 sending message 112 to peer 0x64ea21dd3fe0 (10 bytes)
1755372286.634998 sending message 112 to peer 0x64ea21dd3fe0 (13 bytes)
1755372286.635100 sending message 112 to peer 0x64ea21dd3fe0 (14 bytes)
1755372286.635209 sending message 112 to peer 0x64ea21dd3fe0 (19 bytes)
1755372286.635311 sending message 112 to peer 0x64ea21dd3fe0 (11 bytes)
1755372286.635412 sending message 112 to peer 0x64ea21dd3fe0 (10 bytes)
1755372286.635513 sending message 112 to peer 0x64ea21dd3fe0 (15 bytes)
1755372286.635615 sending message 112 to peer 0x64ea21dd3fe0 (21 bytes)
1755372286.635717 sending message 112 to peer 0x64ea21dd3fe0 (13 bytes)
1755372286.635819 sending message 112 to peer 0x64ea21dd3fe0 (7 bytes)
1755372286.635924 sending message 112 to peer 0x64ea21dd3fe0 (13 bytes)
1755372286.636025 sending message 112 to peer 0x64ea21dd3fe0 (7 bytes)
1755372286.636131 sending message 112 to peer 0x64ea21dd3fe0 (13 bytes)
1755372286.636304 sending message 112 to peer 0x64ea21dd3fe0 (9 bytes)
1755372286.636435 sending message 112 to peer 0x64ea21dd3fe0 (21 bytes)
1755372286.636555 sending message 112 to peer 0x64ea21dd3fe0 (13 bytes)
1755372286.636661 sending message 112 to peer 0x64ea21dd3fe0 (9 bytes)
1755372286.636820 sending message 112 to peer 0x64ea21dd3fe0 (16 bytes)
1755372286.636938 sending message 112 to peer 0x64ea21dd3fe0 (13 bytes)
1755372286.637046 sending message 112 to peer 0x64ea21dd3fe0 (9 bytes)
1755372286.637149 sending message 112 to peer 0x64ea21dd3fe0 (9 bytes)
1755372286.637255 sending message 112 to peer 0x64ea21dd3fe0 (12 bytes)
1755372286.637363 sending message 112 to peer 0x64ea21dd3fe0 (8 bytes)
1755372286.637467 sending message 112 to peer 0x64ea21dd3fe0 (8 bytes)
1755372286.637571 sending message 112 to peer 0x64ea21dd3fe0 (13 bytes)
1755372286.637675 sending message 112 to peer 0x64ea21dd3fe0 (7 bytes)
1755372286.637771 sending message 112 to peer 0x64ea21dd3fe0 (7 bytes)
1755372286.637868 sending message 112 to peer 0x64ea21dd3fe0 (9 bytes)
1755372286.637963 sending message 112 to peer 0x64ea21dd3fe0 (9 bytes)
1755372286.638060 sending message 112 to peer 0x64ea21dd3fe0 (15 bytes)
1755372286.638157 sending message 112 to peer 0x64ea21dd3fe0 (13 bytes)
1755372286.638254 sending message 112 to peer 0x64ea21dd3fe0 (12 bytes)
1755372286.638351 sending message 112 to peer 0x64ea21dd3fe0 (8 bytes)
1755372286.638447 sending message 112 to peer 0x64ea21dd3fe0 (14 bytes)
1755372286.638544 sending message 112 to peer 0x64ea21dd3fe0 (11 bytes)
1755372286.638640 sending message 112 to peer 0x64ea21dd3fe0 (9 bytes)
1755372286.638735 sending message 112 to peer 0x64ea21dd3fe0 (10 bytes)
1755372286.638831 sending message 112 to peer 0x64ea21dd3fe0 (10 bytes)
1755372286.638927 sending message 112 to peer 0x64ea21dd3fe0 (10 bytes)
1755372286.639049 sending message 112 to peer 0x64ea21dd3fe0 (10 bytes)
1755372286.639148 sending message 112 to peer 0x64ea21dd3fe0 (11 bytes)
1755372286.639247 sending message 112 to peer 0x64ea21dd3fe0 (12 bytes)
1755372286.639343 sending message 112 to peer 0x64ea21dd3fe0 (12 bytes)
1755372286.639439 sending message 112 to peer 0x64ea21dd3fe0 (12 bytes)
1755372286.639535 sending message 112 to peer 0x64ea21dd3fe0 (12 bytes)
1755372286.639631 sending message 112 to peer 0x64ea21dd3fe0 (12 bytes)
1755372286.639728 sending message 112 to peer 0x64ea21dd3fe0 (11 bytes)
1755372286.639831 sending message 112 to peer 0x64ea21dd3fe0 (11 bytes)
1755372286.639931 sending message 112 to peer 0x64ea21dd3fe0 (12 bytes)
1755372286.640029 sending message 112 to peer 0x64ea21dd3fe0 (12 bytes)
1755372286.640136 sending message 112 to peer 0x64ea21dd3fe0 (12 bytes)
1755372286.640234 sending message 112 to peer 0x64ea21dd3fe0 (12 bytes)
1755372286.640330 sending message 112 to peer 0x64ea21dd3fe0 (12 bytes)
1755372286.640426 sending message 112 to peer 0x64ea21dd3fe0 (9 bytes)
1755372286.640521 sending message 112 to peer 0x64ea21dd3fe0 (12 bytes)
1755372286.640617 sending message 112 to peer 0x64ea21dd3fe0 (13 bytes)
1755372286.640712 sending message 112 to peer 0x64ea21dd3fe0 (13 bytes)
1755372286.640820 sending message 112 to peer 0x64ea21dd3fe0 (13 bytes)
1755372286.640919 sending message 112 to peer 0x64ea21dd3fe0 (13 bytes)
1755372286.641015 sending message 112 to peer 0x64ea21dd3fe0 (13 bytes)
1755372286.641111 sending message 112 to peer 0x64ea21dd3fe0 (8 bytes)
1755372286.641211 sending message 112 to peer 0x64ea21dd3fe0 (11 bytes)
1755372286.641303 sending message 112 to peer 0x64ea21dd3fe0 (11 bytes)
1755372286.641397 sending message 112 to peer 0x64ea21dd3fe0 (11 bytes)
1755372286.641494 sending message 112 to peer 0x64ea21dd3fe0 (12 bytes)
1755372286.641590 sending message 112 to peer 0x64ea21dd3fe0 (12 bytes)
1755372286.641685 sending message 112 to peer 0x64ea21dd3fe0 (12 bytes)
1755372286.641789 sending message 112 to peer 0x64ea21dd3fe0 (12 bytes)
1755372286.641914 sending message 112 to peer 0x64ea21dd3fe0 (13 bytes)
1755372286.642016 sending message 112 to peer 0x64ea21dd3fe0 (13 bytes)
1755372286.642114 sending message 112 to peer 0x64ea21dd3fe0 (13 bytes)
1755372286.642233 sending message 112 to peer 0x64ea21dd3fe0 (8 bytes)
1755372286.642332 sending message 112 to peer 0x64ea21dd3fe0 (13 bytes)
1755372286.642430 sending message 112 to peer 0x64ea21dd3fe0 (13 bytes)
1755372286.642527 sending message 112 to peer 0x64ea21dd3fe0 (13 bytes)
1755372286.642635 sending message 112 to peer 0x64ea21dd3fe0 (13 bytes)
1755372286.642730 sending message 112 to peer 0x64ea21dd3fe0 (13 bytes)
1755372286.642835 sending message 112 to peer 0x64ea21dd3fe0 (12 bytes)
1755372286.642932 sending message 112 to peer 0x64ea21dd3fe0 (12 bytes)
1755372286.643030 sending message 112 to peer 0x64ea21dd3fe0 (12 bytes)
1755372286.643127 sending message 112 to peer 0x64ea21dd3fe0 (12 bytes)
1755372286.643226 sending message 112 to peer 0x64ea21dd3fe0 (13 bytes)
1755372286.643323 sending message 112 to peer 0x64ea21dd3fe0 (8 bytes)
1755372286.643429 sending message 112 to peer 0x64ea21dd3fe0 (13 bytes)
1755372286.643531 sending message 112 to peer 0x64ea21dd3fe0 (13 bytes)
1755372286.643651 sending message 112 to peer 0x64ea21dd3fe0 (13 bytes)
1755372286.643786 sending message 112 to peer 0x64ea21dd3fe0 (13 bytes)
1755372286.643908 sending message 112 to peer 0x64ea21dd3fe0 (13 bytes)
1755372286.644026 sending message 112 to peer 0x64ea21dd3fe0 (13 bytes)
1755372286.644168 sending message 112 to peer 0x64ea21dd3fe0 (13 bytes)
1755372286.644305 sending message 112 to peer 0x64ea21dd3fe0 (12 bytes)
1755372286.644454 sending message 112 to peer 0x64ea21dd3fe0 (12 bytes)
1755372286.644562 sending message 112 to peer 0x64ea21dd3fe0 (12 bytes)
1755372286.644658 sending message 112 to peer 0x64ea21dd3fe0 (8 bytes)
1755372286.644809 sending message 112 to peer 0x64ea21dd3fe0 (12 bytes)
1755372286.644999 sending message 112 to peer 0x64ea21dd3fe0 (13 bytes)
1755372286.645167 sending message 112 to peer 0x64ea21dd3fe0 (13 bytes)
1755372286.645290 sending message 112 to peer 0x64ea21dd3fe0 (13 bytes)
1755372286.645416 sending message 112 to peer 0x64ea21dd3fe0 (13 bytes)
1755372286.645556 sending message 112 to peer 0x64ea21dd3fe0 (13 bytes)
1755372286.645707 sending message 112 to peer 0x64ea21dd3fe0 (13 bytes)
1755372286.645860 sending message 112 to peer 0x64ea21dd3fe0 (13 bytes)
1755372286.646005 sending message 112 to peer 0x64ea21dd3fe0 (13 bytes)
1755372286.646122 sending message 112 to peer 0x64ea21dd3fe0 (12 bytes)
1755372286.646232 sending message 112 to peer 0x64ea21dd3fe0 (10 bytes)
1755372286.646333 sending message 112 to peer 0x64ea21dd3fe0 (12 bytes)
1755372286.646436 sending message 112 to peer 0x64ea21dd3fe0 (12 bytes)
1755372286.646532 sending message 112 to peer 0x64ea21dd3fe0 (12 bytes)
1755372286.646633 sending message 112 to peer 0x64ea21dd3fe0 (13 bytes)
1755372286.646727 sending message 112 to peer 0x64ea21dd3fe0 (13 bytes)
1755372286.646829 sending message 112 to peer 0x64ea21dd3fe0 (13 bytes)
1755372286.646925 sending message 112 to peer 0x64ea21dd3fe0 (13 bytes)
1755372286.647025 sending message 112 to peer 0x64ea21dd3fe0 (13 bytes)
1755372286.647120 sending message 112 to peer 0x64ea21dd3fe0 (13 bytes)
1755372286.647221 sending message 112 to peer 0x64ea21dd3fe0 (13 bytes)
1755372286.647315 sending message 112 to peer 0x64ea21dd3fe0 (10 bytes)
1755372286.647428 sending message 112 to peer 0x64ea21dd3fe0 (13 bytes)
1755372286.647525 sending message 112 to peer 0x64ea21dd3fe0 (12 bytes)
1755372286.647624 sending message 112 to peer 0x64ea21dd3fe0 (12 bytes)
1755372286.647719 sending message 112 to peer 0x64ea21dd3fe0 (12 bytes)
1755372286.647823 sending message 112 to peer 0x64ea21dd3fe0 (10 bytes)
1755372286.647917 sending message 112 to peer 0x64ea21dd3fe0 (10 bytes)
1755372286.648017 sending message 112 to peer 0x64ea21dd3fe0 (10 bytes)
1755372286.648110 sending message 112 to peer 0x64ea21dd3fe0 (12 bytes)
1755372286.648210 sending message 112 to peer 0x64ea21dd3fe0 (13 bytes)
1755372286.648304 sending message 112 to peer 0x64ea21dd3fe0 (13 bytes)
1755372286.648405 sending message 112 to peer 0x64ea21dd3fe0 (13 bytes)
1755372286.648499 sending message 112 to peer 0x64ea21dd3fe0 (13 bytes)
1755372286.648599 sending message 112 to peer 0x64ea21dd3fe0 (13 bytes)
1755372286.648692 sending message 112 to peer 0x64ea21dd3fe0 (10 bytes)
1755372286.648783 sending message 112 to peer 0x64ea21dd3fe0 (11 bytes)
1755372286.648878 sending message 112 to peer 0x64ea21dd3fe0 (12 bytes)
1755372286.648978 sending message 112 to peer 0x64ea21dd3fe0 (12 bytes)
1755372286.649071 sending message 112 to peer 0x64ea21dd3fe0 (12 bytes)
1755372286.649171 sending message 112 to peer 0x64ea21dd3fe0 (12 bytes)
1755372286.649265 sending message 112 to peer 0x64ea21dd3fe0 (12 bytes)
1755372286.649364 sending message 112 to peer 0x64ea21dd3fe0 (11 bytes)
1755372286.649459 sending message 112 to peer 0x64ea21dd3fe0 (12 bytes)
1755372286.649558 sending message 112 to peer 0x64ea21dd3fe0 (12 bytes)
1755372286.649651 sending message 112 to peer 0x64ea21dd3fe0 (13 bytes)
1755372286.649755 sending message 112 to peer 0x64ea21dd3fe0 (13 bytes)
1755372286.649849 sending message 112 to peer 0x64ea21dd3fe0 (13 bytes)
1755372286.649949 sending message 112 to peer 0x64ea21dd3fe0 (13 bytes)
1755372286.650043 sending message 112 to peer 0x64ea21dd3fe0 (13 bytes)
1755372286.650143 sending message 112 to peer 0x64ea21dd3fe0 (10 bytes)
1755372286.650240 sending message 112 to peer 0x64ea21dd3fe0 (9 bytes)
1755372286.650340 sending message 112 to peer 0x64ea21dd3fe0 (12 bytes)
1755372286.650445 sending message 112 to peer 0x64ea21dd3fe0 (13 bytes)
1755372286.650553 sending message 112 to peer 0x64ea21dd3fe0 (13 bytes)
1755372286.650657 sending message 112 to peer 0x64ea21dd3fe0 (13 bytes)
1755372286.650766 sending message 112 to peer 0x64ea21dd3fe0 (13 bytes)
1755372286.650861 sending message 112 to peer 0x64ea21dd3fe0 (13 bytes)
1755372286.650960 sending message 112 to peer 0x64ea21dd3fe0 (9 bytes)
1755372286.651094 sending message 112 to peer 0x64ea21dd3fe0 (12 bytes)
1755372286.651198 sending message 112 to peer 0x64ea21dd3fe0 (13 bytes)
1755372286.651295 sending message 112 to peer 0x64ea21dd3fe0 (13 bytes)
1755372286.651401 sending message 112 to peer 0x64ea21dd3fe0 (13 bytes)
1755372286.651496 sending message 112 to peer 0x64ea21dd3fe0 (13 bytes)
1755372286.651597 sending message 112 to peer 0x64ea21dd3fe0 (13 bytes)
1755372286.651691 sending message 112 to peer 0x64ea21dd3fe0 (11 bytes)
1755372286.651815 sending message 112 to peer 0x64ea21dd3fe0 (12 bytes)
1755372286.651938 sending message 112 to peer 0x64ea21dd3fe0 (13 bytes)
1755372286.652079 sending message 112 to peer 0x64ea21dd3fe0 (13 bytes)
1755372286.652204 sending message 112 to peer 0x64ea21dd3fe0 (13 bytes)
1755372286.652322 sending message 112 to peer 0x64ea21dd3fe0 (13 bytes)
1755372286.652438 sending message 112 to peer 0x64ea21dd3fe0 (13 bytes)
1755372286.652558 sending message 112 to peer 0x64ea21dd3fe0 (11 bytes)
1755372286.652660 sending message 112 to peer 0x64ea21dd3fe0 (12 bytes)
1755372286.652794 sending message 112 to peer 0x64ea21dd3fe0 (12 bytes)
1755372286.652929 sending message 112 to peer 0x64ea21dd3fe0 (12 bytes)
1755372286.653038 sending message 112 to peer 0x64ea21dd3fe0 (12 bytes)
1755372286.653142 sending message 112 to peer 0x64ea21dd3fe0 (12 bytes)
1755372286.653245 sending message 112 to peer 0x64ea21dd3fe0 (21 bytes)
1755372286.653345 sending message 112 to peer 0x64ea21dd3fe0 (12 bytes)
1755372286.653444 sending message 112 to peer 0x64ea21dd3fe0 (9 bytes)
1755372286.653543 sending message 112 to peer 0x64ea21dd3fe0 (6 bytes)
1755372286.653642 sending message 112 to peer 0x64ea21dd3fe0 (13 bytes)
1755372286.653747 sending message 112 to peer 0x64ea21dd3fe0 (10 bytes)
1755372286.653848 sending message 112 to peer 0x64ea21dd3fe0 (24 bytes)
1755372286.653947 sending message 112 to peer 0x64ea21dd3fe0 (13 bytes)
1755372286.654046 sending message 112 to peer 0x64ea21dd3fe0 (9 bytes)
1755372286.654145 sending message 112 to peer 0x64ea21dd3fe0 (70 bytes)
1755372286.654255 sending message 112 to peer 0x64ea21dd3fe0 (69 bytes)
1755372286.654355 sending message 112 to peer 0x64ea21dd3fe0 (12 bytes)
1755372286.654453 sending message 112 to peer 0x64ea21dd3fe0 (10 bytes)
1755372286.654551 sending message 112 to peer 0x64ea21dd3fe0 (10 bytes)
1755372286.654648 sending message 112 to peer 0x64ea21dd3fe0 (24 bytes)
1755372286.654749 sending message 112 to peer 0x64ea21dd3fe0 (13 bytes)
1755372286.654847 sending message 112 to peer 0x64ea21dd3fe0 (10 bytes)
1755372286.654945 sending message 112 to peer 0x64ea21dd3fe0 (10 bytes)
1755372286.655045 sending message 112 to peer 0x64ea21dd3fe0 (10 bytes)
1755372286.655142 sending message 112 to peer 0x64ea21dd3fe0 (13 bytes)
1755372286.655240 sending message 112 to peer 0x64ea21dd3fe0 (15 bytes)
1755372286.655337 sending message 112 to peer 0x64ea21dd3fe0 (5 bytes)
1755372286.655434 sending message 104 to peer 0x64ea21dd3fe0 (0 bytes)
1755372286.655541 sending message 110 to peer 0x64ea21dd3fe0 (0 bytes)
1755372286.655640 sending message 107 to peer 0x64ea21dd3fe0 (4 bytes)
1755372286.655745 sending message 105 to peer 0x64ea21dd3fe0 (16 bytes)
1755372286.655843 sending message 105 to peer 0x64ea21dd3fe0 (13 bytes)
1755372286.655941 sending message 105 to peer 0x64ea21dd3fe0 (1442 bytes)
1755372286.656041 sending message 105 to peer 0x64ea21dd3fe0 (20 bytes)
1755372286.656139 sending message 105 to peer 0x64ea21dd3fe0 (32 bytes)
1755372286.656235 sending message 105 to peer 0x64ea21dd3fe0 (11 bytes)
1755372286.656333 sending message 105 to peer 0x64ea21dd3fe0 (26 bytes)
1755372286.656429 sending message 105 to peer 0x64ea21dd3fe0 (40 bytes)
1755372286.656527 sending message 105 to peer 0x64ea21dd3fe0 (24 bytes)
1755372286.656626 sending message 105 to peer 0x64ea21dd3fe0 (8 bytes)
1755372286.656725 sending message 105 to peer 0x64ea21dd3fe0 (33 bytes)
1755372286.656827 sending message 105 to peer 0x64ea21dd3fe0 (21 bytes)
1755372286.656927 sending message 105 to peer 0x64ea21dd3fe0 (23 bytes)
1755372286.657029 sending message 105 to peer 0x64ea21dd3fe0 (24 bytes)
1755372286.657129 sending message 105 to peer 0x64ea21dd3fe0 (18 bytes)
1755372286.657229 sending message 105 to peer 0x64ea21dd3fe0 (21 bytes)
1755372286.657329 sending message 105 to peer 0x64ea21dd3fe0 (19 bytes)
1755372286.657427 sending message 105 to peer 0x64ea21dd3fe0 (54 bytes)
1755372286.657533 sending message 105 to peer 0x64ea21dd3fe0 (8 bytes)
1755372286.657633 sending message 105 to peer 0x64ea21dd3fe0 (32 bytes)
1755372286.657761 sending message 105 to peer 0x64ea21dd3fe0 (35 bytes)
1755372286.657861 sending message 105 to peer 0x64ea21dd3fe0 (51 bytes)
1755372286.657961 sending message 105 to peer 0x64ea21dd3fe0 (46 bytes)
1755372286.658059 sending message 105 to peer 0x64ea21dd3fe0 (16 bytes)
1755372286.658157 sending message 105 to peer 0x64ea21dd3fe0 (10 bytes)
1755372286.658254 sending message 105 to peer 0x64ea21dd3fe0 (24 bytes)
1755372286.658353 sending message 105 to peer 0x64ea21dd3fe0 (12 bytes)
1755372286.658450 sending message 105 to peer 0x64ea21dd3fe0 (20 bytes)
1755372286.658547 sending message 105 to peer 0x64ea21dd3fe0 (8 bytes)
1755372286.658645 sending message 105 to peer 0x64ea21dd3fe0 (16 bytes)
1755372286.658750 sending message 106 to peer 0x64ea21dd3fe0 (0 bytes)
1755372286.658859 cmd_pack_argv: argv[0]=new
1755372286.658957 sending message 200 to peer 0x64ea21dd3fe0 (8 bytes)
1755372286.659055 client loop enter
1755372286.662101 peer 0x64ea21dd3fe0 message 207
1755372286.662972 sending message 208 to peer 0x64ea21dd3fe0 (0 bytes)
1755372286.785810 peer 0x64ea21dd3fe0 message 203
1755372286.785992 sending message 205 to peer 0x64ea21dd3fe0 (0 bytes)
1755372286.786349 peer 0x64ea21dd3fe0 message 204
1755372286.786454 client loop exit
