1755372292.044495 client started (38443): version 3.2a, socket /tmp/tmux-1000/default, protocol 8
1755372292.044908 on Linux 6.6.87.2-microsoft-standard-WSL2 #1 SMP PREEMPT_DYNAMIC Thu Jun  5 18:30:46 UTC 2025
1755372292.045048 using libevent 2.1.12-stable (poll); ncurses 6.3
1755372292.045174 flags are 0x18010000
1755372292.045276 socket is /tmp/tmux-1000/default
1755372292.045389 trying connect
1755372292.045569 add peer 0x5995ff628fe0: 6 ((nil))
1755372292.045958 sending message 100 to peer 0x5995ff628fe0 (4 bytes)
1755372292.046096 sending message 111 to peer 0x5995ff628fe0 (8 bytes)
1755372292.046219 sending message 101 to peer 0x5995ff628fe0 (15 bytes)
1755372292.046329 sending message 109 to peer 0x5995ff628fe0 (4 bytes)
1755372292.046625 sending message 102 to peer 0x5995ff628fe0 (11 bytes)
1755372292.046790 sending message 108 to peer 0x5995ff628fe0 (28 bytes)
1755372292.046924 sending message 112 to peer 0x5995ff628fe0 (58 bytes)
1755372292.047057 sending message 112 to peer 0x5995ff628fe0 (5 bytes)
1755372292.047181 sending message 112 to peer 0x5995ff628fe0 (5 bytes)
1755372292.047319 sending message 112 to peer 0x5995ff628fe0 (6 bytes)
1755372292.047469 sending message 112 to peer 0x5995ff628fe0 (6 bytes)
1755372292.047608 sending message 112 to peer 0x5995ff628fe0 (11 bytes)
1755372292.047751 sending message 112 to peer 0x5995ff628fe0 (10 bytes)
1755372292.048018 sending message 112 to peer 0x5995ff628fe0 (13 bytes)
1755372292.048203 sending message 112 to peer 0x5995ff628fe0 (14 bytes)
1755372292.048388 sending message 112 to peer 0x5995ff628fe0 (19 bytes)
1755372292.048531 sending message 112 to peer 0x5995ff628fe0 (11 bytes)
1755372292.048715 sending message 112 to peer 0x5995ff628fe0 (10 bytes)
1755372292.048965 sending message 112 to peer 0x5995ff628fe0 (15 bytes)
1755372292.049122 sending message 112 to peer 0x5995ff628fe0 (21 bytes)
1755372292.049263 sending message 112 to peer 0x5995ff628fe0 (13 bytes)
1755372292.049401 sending message 112 to peer 0x5995ff628fe0 (7 bytes)
1755372292.049509 sending message 112 to peer 0x5995ff628fe0 (13 bytes)
1755372292.049601 sending message 112 to peer 0x5995ff628fe0 (7 bytes)
1755372292.049698 sending message 112 to peer 0x5995ff628fe0 (13 bytes)
1755372292.049793 sending message 112 to peer 0x5995ff628fe0 (9 bytes)
1755372292.049924 sending message 112 to peer 0x5995ff628fe0 (21 bytes)
1755372292.050014 sending message 112 to peer 0x5995ff628fe0 (13 bytes)
1755372292.050111 sending message 112 to peer 0x5995ff628fe0 (9 bytes)
1755372292.050200 sending message 112 to peer 0x5995ff628fe0 (16 bytes)
1755372292.050297 sending message 112 to peer 0x5995ff628fe0 (13 bytes)
1755372292.050386 sending message 112 to peer 0x5995ff628fe0 (9 bytes)
1755372292.050482 sending message 112 to peer 0x5995ff628fe0 (9 bytes)
1755372292.050571 sending message 112 to peer 0x5995ff628fe0 (12 bytes)
1755372292.050668 sending message 112 to peer 0x5995ff628fe0 (8 bytes)
1755372292.050761 sending message 112 to peer 0x5995ff628fe0 (8 bytes)
1755372292.050858 sending message 112 to peer 0x5995ff628fe0 (13 bytes)
1755372292.050947 sending message 112 to peer 0x5995ff628fe0 (7 bytes)
1755372292.051042 sending message 112 to peer 0x5995ff628fe0 (7 bytes)
1755372292.051132 sending message 112 to peer 0x5995ff628fe0 (9 bytes)
1755372292.051228 sending message 112 to peer 0x5995ff628fe0 (9 bytes)
1755372292.051317 sending message 112 to peer 0x5995ff628fe0 (15 bytes)
1755372292.051415 sending message 112 to peer 0x5995ff628fe0 (13 bytes)
1755372292.051504 sending message 112 to peer 0x5995ff628fe0 (12 bytes)
1755372292.051601 sending message 112 to peer 0x5995ff628fe0 (8 bytes)
1755372292.051690 sending message 112 to peer 0x5995ff628fe0 (14 bytes)
1755372292.051804 sending message 112 to peer 0x5995ff628fe0 (11 bytes)
1755372292.051927 sending message 112 to peer 0x5995ff628fe0 (9 bytes)
1755372292.052073 sending message 112 to peer 0x5995ff628fe0 (10 bytes)
1755372292.052202 sending message 112 to peer 0x5995ff628fe0 (10 bytes)
1755372292.052316 sending message 112 to peer 0x5995ff628fe0 (10 bytes)
1755372292.052460 sending message 112 to peer 0x5995ff628fe0 (10 bytes)
1755372292.052558 sending message 112 to peer 0x5995ff628fe0 (11 bytes)
1755372292.052650 sending message 112 to peer 0x5995ff628fe0 (12 bytes)
1755372292.052745 sending message 112 to peer 0x5995ff628fe0 (12 bytes)
1755372292.052855 sending message 112 to peer 0x5995ff628fe0 (12 bytes)
1755372292.052948 sending message 112 to peer 0x5995ff628fe0 (12 bytes)
1755372292.053040 sending message 112 to peer 0x5995ff628fe0 (12 bytes)
1755372292.053126 sending message 112 to peer 0x5995ff628fe0 (11 bytes)
1755372292.053221 sending message 112 to peer 0x5995ff628fe0 (11 bytes)
1755372292.053307 sending message 112 to peer 0x5995ff628fe0 (12 bytes)
1755372292.053396 sending message 112 to peer 0x5995ff628fe0 (12 bytes)
1755372292.053482 sending message 112 to peer 0x5995ff628fe0 (12 bytes)
1755372292.053570 sending message 112 to peer 0x5995ff628fe0 (12 bytes)
1755372292.053655 sending message 112 to peer 0x5995ff628fe0 (12 bytes)
1755372292.053745 sending message 112 to peer 0x5995ff628fe0 (9 bytes)
1755372292.053832 sending message 112 to peer 0x5995ff628fe0 (12 bytes)
1755372292.053920 sending message 112 to peer 0x5995ff628fe0 (13 bytes)
1755372292.054005 sending message 112 to peer 0x5995ff628fe0 (13 bytes)
1755372292.054093 sending message 112 to peer 0x5995ff628fe0 (13 bytes)
1755372292.054178 sending message 112 to peer 0x5995ff628fe0 (13 bytes)
1755372292.054265 sending message 112 to peer 0x5995ff628fe0 (13 bytes)
1755372292.054350 sending message 112 to peer 0x5995ff628fe0 (8 bytes)
1755372292.054439 sending message 112 to peer 0x5995ff628fe0 (11 bytes)
1755372292.054525 sending message 112 to peer 0x5995ff628fe0 (11 bytes)
1755372292.054613 sending message 112 to peer 0x5995ff628fe0 (11 bytes)
1755372292.054698 sending message 112 to peer 0x5995ff628fe0 (12 bytes)
1755372292.054868 sending message 112 to peer 0x5995ff628fe0 (12 bytes)
1755372292.054970 sending message 112 to peer 0x5995ff628fe0 (12 bytes)
1755372292.055075 sending message 112 to peer 0x5995ff628fe0 (12 bytes)
1755372292.055168 sending message 112 to peer 0x5995ff628fe0 (13 bytes)
1755372292.055259 sending message 112 to peer 0x5995ff628fe0 (13 bytes)
1755372292.055349 sending message 112 to peer 0x5995ff628fe0 (13 bytes)
1755372292.055438 sending message 112 to peer 0x5995ff628fe0 (8 bytes)
1755372292.055524 sending message 112 to peer 0x5995ff628fe0 (13 bytes)
1755372292.055612 sending message 112 to peer 0x5995ff628fe0 (13 bytes)
1755372292.055697 sending message 112 to peer 0x5995ff628fe0 (13 bytes)
1755372292.055789 sending message 112 to peer 0x5995ff628fe0 (13 bytes)
1755372292.055875 sending message 112 to peer 0x5995ff628fe0 (13 bytes)
1755372292.055964 sending message 112 to peer 0x5995ff628fe0 (12 bytes)
1755372292.056050 sending message 112 to peer 0x5995ff628fe0 (12 bytes)
1755372292.056139 sending message 112 to peer 0x5995ff628fe0 (12 bytes)
1755372292.056224 sending message 112 to peer 0x5995ff628fe0 (12 bytes)
1755372292.056313 sending message 112 to peer 0x5995ff628fe0 (13 bytes)
1755372292.056398 sending message 112 to peer 0x5995ff628fe0 (8 bytes)
1755372292.056486 sending message 112 to peer 0x5995ff628fe0 (13 bytes)
1755372292.056571 sending message 112 to peer 0x5995ff628fe0 (13 bytes)
1755372292.056659 sending message 112 to peer 0x5995ff628fe0 (13 bytes)
1755372292.056745 sending message 112 to peer 0x5995ff628fe0 (13 bytes)
1755372292.056861 sending message 112 to peer 0x5995ff628fe0 (13 bytes)
1755372292.056954 sending message 112 to peer 0x5995ff628fe0 (13 bytes)
1755372292.057046 sending message 112 to peer 0x5995ff628fe0 (13 bytes)
1755372292.057132 sending message 112 to peer 0x5995ff628fe0 (12 bytes)
1755372292.057223 sending message 112 to peer 0x5995ff628fe0 (12 bytes)
1755372292.057308 sending message 112 to peer 0x5995ff628fe0 (12 bytes)
1755372292.057398 sending message 112 to peer 0x5995ff628fe0 (8 bytes)
1755372292.057485 sending message 112 to peer 0x5995ff628fe0 (12 bytes)
1755372292.057574 sending message 112 to peer 0x5995ff628fe0 (13 bytes)
1755372292.057686 sending message 112 to peer 0x5995ff628fe0 (13 bytes)
1755372292.057781 sending message 112 to peer 0x5995ff628fe0 (13 bytes)
1755372292.057869 sending message 112 to peer 0x5995ff628fe0 (13 bytes)
1755372292.057957 sending message 112 to peer 0x5995ff628fe0 (13 bytes)
1755372292.058042 sending message 112 to peer 0x5995ff628fe0 (13 bytes)
1755372292.058131 sending message 112 to peer 0x5995ff628fe0 (13 bytes)
1755372292.058216 sending message 112 to peer 0x5995ff628fe0 (13 bytes)
1755372292.058305 sending message 112 to peer 0x5995ff628fe0 (12 bytes)
1755372292.058390 sending message 112 to peer 0x5995ff628fe0 (10 bytes)
1755372292.058480 sending message 112 to peer 0x5995ff628fe0 (12 bytes)
1755372292.058566 sending message 112 to peer 0x5995ff628fe0 (12 bytes)
1755372292.058656 sending message 112 to peer 0x5995ff628fe0 (12 bytes)
1755372292.058749 sending message 112 to peer 0x5995ff628fe0 (13 bytes)
1755372292.058837 sending message 112 to peer 0x5995ff628fe0 (13 bytes)
1755372292.058925 sending message 112 to peer 0x5995ff628fe0 (13 bytes)
1755372292.059014 sending message 112 to peer 0x5995ff628fe0 (13 bytes)
1755372292.059101 sending message 112 to peer 0x5995ff628fe0 (13 bytes)
1755372292.059190 sending message 112 to peer 0x5995ff628fe0 (13 bytes)
1755372292.059275 sending message 112 to peer 0x5995ff628fe0 (13 bytes)
1755372292.059364 sending message 112 to peer 0x5995ff628fe0 (10 bytes)
1755372292.059449 sending message 112 to peer 0x5995ff628fe0 (13 bytes)
1755372292.059537 sending message 112 to peer 0x5995ff628fe0 (12 bytes)
1755372292.059622 sending message 112 to peer 0x5995ff628fe0 (12 bytes)
1755372292.059710 sending message 112 to peer 0x5995ff628fe0 (12 bytes)
1755372292.059795 sending message 112 to peer 0x5995ff628fe0 (10 bytes)
1755372292.059885 sending message 112 to peer 0x5995ff628fe0 (10 bytes)
1755372292.059971 sending message 112 to peer 0x5995ff628fe0 (10 bytes)
1755372292.060060 sending message 112 to peer 0x5995ff628fe0 (12 bytes)
1755372292.060146 sending message 112 to peer 0x5995ff628fe0 (13 bytes)
1755372292.060235 sending message 112 to peer 0x5995ff628fe0 (13 bytes)
1755372292.060321 sending message 112 to peer 0x5995ff628fe0 (13 bytes)
1755372292.060410 sending message 112 to peer 0x5995ff628fe0 (13 bytes)
1755372292.060495 sending message 112 to peer 0x5995ff628fe0 (13 bytes)
1755372292.060584 sending message 112 to peer 0x5995ff628fe0 (10 bytes)
1755372292.060670 sending message 112 to peer 0x5995ff628fe0 (11 bytes)
1755372292.060779 sending message 112 to peer 0x5995ff628fe0 (12 bytes)
1755372292.060883 sending message 112 to peer 0x5995ff628fe0 (12 bytes)
1755372292.060977 sending message 112 to peer 0x5995ff628fe0 (12 bytes)
1755372292.061065 sending message 112 to peer 0x5995ff628fe0 (12 bytes)
1755372292.061157 sending message 112 to peer 0x5995ff628fe0 (12 bytes)
1755372292.061243 sending message 112 to peer 0x5995ff628fe0 (11 bytes)
1755372292.061333 sending message 112 to peer 0x5995ff628fe0 (12 bytes)
1755372292.061420 sending message 112 to peer 0x5995ff628fe0 (12 bytes)
1755372292.061510 sending message 112 to peer 0x5995ff628fe0 (13 bytes)
1755372292.061595 sending message 112 to peer 0x5995ff628fe0 (13 bytes)
1755372292.061685 sending message 112 to peer 0x5995ff628fe0 (13 bytes)
1755372292.061784 sending message 112 to peer 0x5995ff628fe0 (13 bytes)
1755372292.061914 sending message 112 to peer 0x5995ff628fe0 (13 bytes)
1755372292.062032 sending message 112 to peer 0x5995ff628fe0 (10 bytes)
1755372292.062138 sending message 112 to peer 0x5995ff628fe0 (9 bytes)
1755372292.062259 sending message 112 to peer 0x5995ff628fe0 (12 bytes)
1755372292.062395 sending message 112 to peer 0x5995ff628fe0 (13 bytes)
1755372292.062525 sending message 112 to peer 0x5995ff628fe0 (13 bytes)
1755372292.062742 sending message 112 to peer 0x5995ff628fe0 (13 bytes)
1755372292.062991 sending message 112 to peer 0x5995ff628fe0 (13 bytes)
1755372292.063262 sending message 112 to peer 0x5995ff628fe0 (13 bytes)
1755372292.063541 sending message 112 to peer 0x5995ff628fe0 (9 bytes)
1755372292.063951 sending message 112 to peer 0x5995ff628fe0 (12 bytes)
1755372292.064166 sending message 112 to peer 0x5995ff628fe0 (13 bytes)
1755372292.064320 sending message 112 to peer 0x5995ff628fe0 (13 bytes)
1755372292.064479 sending message 112 to peer 0x5995ff628fe0 (13 bytes)
1755372292.064614 sending message 112 to peer 0x5995ff628fe0 (13 bytes)
1755372292.064800 sending message 112 to peer 0x5995ff628fe0 (13 bytes)
1755372292.065004 sending message 112 to peer 0x5995ff628fe0 (11 bytes)
1755372292.065145 sending message 112 to peer 0x5995ff628fe0 (12 bytes)
1755372292.065289 sending message 112 to peer 0x5995ff628fe0 (13 bytes)
1755372292.065421 sending message 112 to peer 0x5995ff628fe0 (13 bytes)
1755372292.065542 sending message 112 to peer 0x5995ff628fe0 (13 bytes)
1755372292.065655 sending message 112 to peer 0x5995ff628fe0 (13 bytes)
1755372292.065754 sending message 112 to peer 0x5995ff628fe0 (13 bytes)
1755372292.065851 sending message 112 to peer 0x5995ff628fe0 (11 bytes)
1755372292.065949 sending message 112 to peer 0x5995ff628fe0 (12 bytes)
1755372292.066046 sending message 112 to peer 0x5995ff628fe0 (12 bytes)
1755372292.066143 sending message 112 to peer 0x5995ff628fe0 (12 bytes)
1755372292.066239 sending message 112 to peer 0x5995ff628fe0 (12 bytes)
1755372292.066336 sending message 112 to peer 0x5995ff628fe0 (12 bytes)
1755372292.066433 sending message 112 to peer 0x5995ff628fe0 (21 bytes)
1755372292.066530 sending message 112 to peer 0x5995ff628fe0 (12 bytes)
1755372292.066628 sending message 112 to peer 0x5995ff628fe0 (9 bytes)
1755372292.066725 sending message 112 to peer 0x5995ff628fe0 (6 bytes)
1755372292.066821 sending message 112 to peer 0x5995ff628fe0 (13 bytes)
1755372292.066918 sending message 112 to peer 0x5995ff628fe0 (10 bytes)
1755372292.067015 sending message 112 to peer 0x5995ff628fe0 (24 bytes)
1755372292.067111 sending message 112 to peer 0x5995ff628fe0 (13 bytes)
1755372292.067208 sending message 112 to peer 0x5995ff628fe0 (9 bytes)
1755372292.067308 sending message 112 to peer 0x5995ff628fe0 (70 bytes)
1755372292.067405 sending message 112 to peer 0x5995ff628fe0 (69 bytes)
1755372292.067502 sending message 112 to peer 0x5995ff628fe0 (12 bytes)
1755372292.067601 sending message 112 to peer 0x5995ff628fe0 (10 bytes)
1755372292.067698 sending message 112 to peer 0x5995ff628fe0 (10 bytes)
1755372292.067798 sending message 112 to peer 0x5995ff628fe0 (24 bytes)
1755372292.067915 sending message 112 to peer 0x5995ff628fe0 (13 bytes)
1755372292.068018 sending message 112 to peer 0x5995ff628fe0 (10 bytes)
1755372292.068115 sending message 112 to peer 0x5995ff628fe0 (10 bytes)
1755372292.068212 sending message 112 to peer 0x5995ff628fe0 (10 bytes)
1755372292.068308 sending message 112 to peer 0x5995ff628fe0 (13 bytes)
1755372292.068405 sending message 112 to peer 0x5995ff628fe0 (15 bytes)
1755372292.068501 sending message 112 to peer 0x5995ff628fe0 (5 bytes)
1755372292.068600 sending message 104 to peer 0x5995ff628fe0 (0 bytes)
1755372292.068697 sending message 110 to peer 0x5995ff628fe0 (0 bytes)
1755372292.068787 sending message 107 to peer 0x5995ff628fe0 (4 bytes)
1755372292.068897 sending message 105 to peer 0x5995ff628fe0 (16 bytes)
1755372292.069068 sending message 105 to peer 0x5995ff628fe0 (13 bytes)
1755372292.069178 sending message 105 to peer 0x5995ff628fe0 (1442 bytes)
1755372292.069281 sending message 105 to peer 0x5995ff628fe0 (20 bytes)
1755372292.069378 sending message 105 to peer 0x5995ff628fe0 (32 bytes)
1755372292.069475 sending message 105 to peer 0x5995ff628fe0 (11 bytes)
1755372292.069571 sending message 105 to peer 0x5995ff628fe0 (26 bytes)
1755372292.069670 sending message 105 to peer 0x5995ff628fe0 (40 bytes)
1755372292.069766 sending message 105 to peer 0x5995ff628fe0 (24 bytes)
1755372292.069862 sending message 105 to peer 0x5995ff628fe0 (8 bytes)
1755372292.069959 sending message 105 to peer 0x5995ff628fe0 (33 bytes)
1755372292.070056 sending message 105 to peer 0x5995ff628fe0 (21 bytes)
1755372292.070154 sending message 105 to peer 0x5995ff628fe0 (23 bytes)
1755372292.070319 sending message 105 to peer 0x5995ff628fe0 (24 bytes)
1755372292.070430 sending message 105 to peer 0x5995ff628fe0 (18 bytes)
1755372292.070528 sending message 105 to peer 0x5995ff628fe0 (21 bytes)
1755372292.070626 sending message 105 to peer 0x5995ff628fe0 (19 bytes)
1755372292.070755 sending message 105 to peer 0x5995ff628fe0 (54 bytes)
1755372292.070901 sending message 105 to peer 0x5995ff628fe0 (8 bytes)
1755372292.071019 sending message 105 to peer 0x5995ff628fe0 (32 bytes)
1755372292.071122 sending message 105 to peer 0x5995ff628fe0 (35 bytes)
1755372292.071229 sending message 105 to peer 0x5995ff628fe0 (51 bytes)
1755372292.071322 sending message 105 to peer 0x5995ff628fe0 (46 bytes)
1755372292.071410 sending message 105 to peer 0x5995ff628fe0 (16 bytes)
1755372292.071500 sending message 105 to peer 0x5995ff628fe0 (10 bytes)
1755372292.071594 sending message 105 to peer 0x5995ff628fe0 (24 bytes)
1755372292.071764 sending message 105 to peer 0x5995ff628fe0 (12 bytes)
1755372292.071887 sending message 105 to peer 0x5995ff628fe0 (20 bytes)
1755372292.072015 sending message 105 to peer 0x5995ff628fe0 (8 bytes)
1755372292.072140 sending message 105 to peer 0x5995ff628fe0 (16 bytes)
1755372292.072269 sending message 106 to peer 0x5995ff628fe0 (0 bytes)
1755372292.072383 cmd_pack_argv: argv[0]=new
1755372292.072479 sending message 200 to peer 0x5995ff628fe0 (8 bytes)
1755372292.072568 client loop enter
1755372292.074919 peer 0x5995ff628fe0 message 207
1755372292.075088 sending message 208 to peer 0x5995ff628fe0 (0 bytes)
1755372292.201397 peer 0x5995ff628fe0 message 203
1755372292.201601 sending message 205 to peer 0x5995ff628fe0 (0 bytes)
1755372292.201956 peer 0x5995ff628fe0 message 204
1755372292.202117 client loop exit
